[2018-05-28 18:05:33.974][daemon][1] Initialized memory cache logger.
[2018-05-28 18:05:33.977][daemon][1] SubGit version 3.3.1 ('Bobique') build #3818
[2018-05-28 18:05:33.977][daemon][1] Posix: Non-JNA platform is chosen.
[2018-05-28 18:05:33.984][daemon][1] Command name: test
[2018-05-28 18:05:33.984][daemon][1] Command argument: --svn
[2018-05-28 18:05:33.984][daemon][1] Command argument: /home/quipment/Desktop/myrepo.git
[2018-05-28 18:05:33.985][daemon][1] Command argument: --limit
[2018-05-28 18:05:33.985][daemon][1] Command argument: 1527510943726
[2018-05-28 18:05:34.122][daemon][1] Posix: Non-JNA platform is chosen.
[2018-05-28 18:05:34.123][daemon][1] Initialized file logger, level: INFO, logs directory is: '/home/quipment/Desktop/myrepo.git/subgit/logs'.
[2018-05-28 18:05:34.124][daemon][1] SubGit version 3.3.1 ('Bobique') build #3818
[2018-05-28 18:05:34.124][daemon][1] System properties:
java.runtime.name             : Java(TM) SE Runtime Environment
sun.boot.library.path         : /usr/lib/jvm/java-8-oracle/jre/lib/amd64
java.vm.version               : 25.171-b11
java.vm.vendor                : Oracle Corporation
java.vendor.url               : http://java.oracle.com/
path.separator                : :
java.vm.name                  : Java HotSpot(TM) 64-Bit Server VM
file.encoding.pkg             : sun.io
user.country                  : IN
sun.java.launcher             : SUN_STANDARD
sun.os.patch.level            : unknown
jna.nosys                     : true
java.vm.specification.name    : Java Virtual Machine Specification
user.dir                      : /
java.runtime.version          : 1.8.0_171-b11
java.awt.graphicsenv          : sun.awt.X11GraphicsEnvironment
java.endorsed.dirs            : /usr/lib/jvm/java-8-oracle/jre/lib/endorsed
os.arch                       : amd64
java.io.tmpdir                : /tmp
line.separator                : 

java.vm.specification.vendor  : Oracle Corporation
os.name                       : Linux
sun.jnu.encoding              : UTF-8
java.library.path             : /usr/java/packages/lib/amd64:/usr/lib64:/lib64:/lib:/usr/lib
java.specification.name       : Java Platform API Specification
java.class.version            : 52.0
sun.management.compiler       : HotSpot 64-Bit Tiered Compilers
os.version                    : 3.2.0-72-generic
user.home                     : /home/quipment
user.timezone                 : Asia/Kolkata
java.awt.printerjob           : sun.print.PSPrinterJob
file.encoding                 : UTF-8
java.specification.version    : 1.8
java.class.path               : /home/quipment/Desktop/myrepo.git/subgit/lib/subgit-3.3.1_3818_fat.jar
user.name                     : quipment
java.vm.specification.version : 1.8
sun.java.command              : org.tmatesoft.translator.SubGitDaemon test --svn /home/quipment/Desktop/myrepo.git --limit 1527510943726
java.home                     : /usr/lib/jvm/java-8-oracle/jre
sun.arch.data.model           : 64
user.language                 : en
java.specification.vendor     : Oracle Corporation
awt.toolkit                   : sun.awt.X11.XToolkit
java.vm.info                  : mixed mode
java.version                  : 1.8.0_171
java.ext.dirs                 : /usr/lib/jvm/java-8-oracle/jre/lib/ext:/usr/java/packages/lib/ext
sun.boot.class.path           : /usr/lib/jvm/java-8-oracle/jre/lib/resources.jar:/usr/lib/jvm/java-8-oracle/jre/lib/rt.jar:/usr/lib/jvm/java-8-oracle/jre/lib/sunrsasign.jar:/usr/lib/jvm/java-8-oracle/jre/lib/jsse.jar:/usr/lib/jvm/java-8-oracle/jre/lib/jce.jar:/usr/lib/jvm/java-8-oracle/jre/lib/charsets.jar:/usr/lib/jvm/java-8-oracle/jre/lib/jfr.jar:/usr/lib/jvm/java-8-oracle/jre/classes
java.awt.headless             : true
java.vendor                   : Oracle Corporation
file.separator                : /
java.vendor.url.bug           : http://bugreport.sun.com/bugreport/
sun.io.unicode.encoding       : UnicodeLittle
sun.cpu.endian                : little
sun.desktop                   : gnome
sun.cpu.isalist               : 

[2018-05-28 18:05:34.125][daemon][1] Created JNA directory: /tmp/jna
[2018-05-28 18:05:34.125][daemon][1] Executing [chmod, ugo+rwX, /tmp]; environmentVariables={};workingDirectory=/home/quipment
[2018-05-28 18:05:34.127][daemon][1] Temporary directory '/tmp' is writable.
[2018-05-28 18:05:34.128][daemon][1] Launching daemon.
[2018-05-28 18:05:34.129][daemon][1] Server socket instance created.
[2018-05-28 18:05:34.131][daemon][1] List of network interfaces obtained.
[2018-05-28 18:05:34.131][daemon][1] Network interface: name:eth4 (eth4)
[2018-05-28 18:05:34.131][daemon][1] Processing address: /fe80:0:0:0:a00:27ff:fe24:5638%eth4
[2018-05-28 18:05:34.131][daemon][1] Processing address: /192.168.170.200
[2018-05-28 18:05:34.132][daemon][1] Network interface: name:lo (lo)
[2018-05-28 18:05:34.132][daemon][1] Processing address: /0:0:0:0:0:0:0:1%lo
[2018-05-28 18:05:34.132][daemon][1] Processing address: /127.0.0.1
[2018-05-28 18:05:34.133][daemon][1] Local loopback address found: /127.0.0.1.
[2018-05-28 18:05:34.133][daemon][1] Trying to use a free port for address '127.0.0.1'.
[2018-05-28 18:05:34.134][daemon][1] Daemon socket opened for port: 54126.
[2018-05-28 18:05:34.134][daemon][1] Daemon process pid obtained: 6387.
[2018-05-28 18:05:34.136][daemon][1] Daemon (pid=6387; port=54126; address=127:0:0:1; user=quipment) at (/home/quipment/Desktop/myrepo.git/subgit).
[2018-05-28 18:05:34.136][daemon][16] Daemon thread started
[2018-05-28 18:05:34.137][daemon][16] 'pid=6387; port=54126; address=127:0:0:1; user=quipment' was written into temporary file '/home/quipment/Desktop/myrepo.git/subgit/subgit.5981836979923639668.pid'
[2018-05-28 18:05:34.137][daemon][16] Pid file '/home/quipment/Desktop/myrepo.git/subgit/daemon.pid' deleted.
[2018-05-28 18:05:34.176][daemon][16] '/home/quipment/Desktop/myrepo.git/subgit/subgit.5981836979923639668.pid' renamed to '/home/quipment/Desktop/myrepo.git/subgit/daemon.pid'
[2018-05-28 18:05:34.183][daemon][16] Command started, commands running: 1.
[2018-05-28 18:05:34.186][daemon][16] Sent '(version (3.3.1 3818 ))'.
[2018-05-28 18:05:34.186][daemon][16] Read '(test (/home/quipment/Desktop/myrepo.git )0: )'.
[2018-05-28 18:05:34.192][daemon][20] Sent '(ok (test ))'.
[2018-05-28 18:05:34.194][daemon][20] Command completed, commands running: 0.
[2018-05-28 18:05:34.195][daemon][20] Executing daemon shutdown request, the reason is UNKNOWN.
[2018-05-28 18:05:34.196][daemon][20] Trying to obtain file lock on '/home/quipment/Desktop/myrepo.git/subgit/daemon.lock'.
[2018-05-28 18:05:34.197][daemon][20] Succeeded attempt to obtain file lock on '/home/quipment/Desktop/myrepo.git/subgit/daemon.lock'
[2018-05-28 18:05:34.198][daemon][20] Daemon will not shut down, it has been configured to remain idle.
[2018-05-28 18:05:34.198][daemon][20] Trying to release file lock on '/home/quipment/Desktop/myrepo.git/subgit/daemon.lock'.
[2018-05-28 18:05:34.198][daemon][20] Released file lock on '/home/quipment/Desktop/myrepo.git/subgit/daemon.lock'
[2018-05-28 18:05:34.198][daemon][20] Closed random access file '/home/quipment/Desktop/myrepo.git/subgit/daemon.lock'
[2018-05-28 18:05:35.830][daemon][16] Command started, commands running: 1.
[2018-05-28 18:05:35.831][daemon][16] Sent '(version (3.3.1 3818 ))'.
[2018-05-28 18:05:35.834][daemon][16] Read '(start (/home/quipment/Desktop/myrepo.git )0: )'.
[2018-05-28 18:05:35.835][daemon][21] Running start command.
[2018-05-28 18:05:35.909][daemon][21] Added new sync queue for repositorySync /home/quipment/Desktop/myrepo.git
[2018-05-28 18:05:35.910][daemon][21] Total count of sync queues: 1
[2018-05-28 18:05:35.910][daemon][21] Sent '(ok (start ))'.
[2018-05-28 18:05:35.910][daemon][21] Command completed, commands running: 0.
[2018-05-28 18:05:35.910][daemon][21] Executing daemon shutdown request, the reason is UNKNOWN.
[2018-05-28 18:05:35.910][daemon][21] Trying to obtain file lock on '/home/quipment/Desktop/myrepo.git/subgit/daemon.lock'.
[2018-05-28 18:05:35.911][daemon][21] Succeeded attempt to obtain file lock on '/home/quipment/Desktop/myrepo.git/subgit/daemon.lock'
[2018-05-28 18:05:35.911][daemon][21] Daemon will not shut down, it has been configured to remain idle.
[2018-05-28 18:05:35.911][daemon][21] Trying to release file lock on '/home/quipment/Desktop/myrepo.git/subgit/daemon.lock'.
[2018-05-28 18:05:35.911][daemon][21] Released file lock on '/home/quipment/Desktop/myrepo.git/subgit/daemon.lock'
[2018-05-28 18:05:35.911][daemon][21] Closed random access file '/home/quipment/Desktop/myrepo.git/subgit/daemon.lock'
[2018-05-28 18:06:35.911][daemon][22] No pending tasks in the sync queue; running periodical tasks
[2018-05-28 18:06:35.912][daemon][22] Async command scheduled, commands running: 1.
[2018-05-28 18:06:35.921][daemon][22] Repository fetch started.
[2018-05-28 18:06:35.926][daemon][22] Using Subversion configuration and credentials cache at: /home/quipment/.subversion
[2018-05-28 18:06:35.952][daemon][22] Checking remote 'http://192.168.150.93:8080/qim'.
[2018-05-28 18:06:35.956][daemon][23] License check; EAP: false; types: [NO_LICENSE, INVALID_REPOSITORY_SIGNATURE, SUPPORTED_VERSIONS_MISMATCH, UPGRADE_UNTIL_LIMIT_EXCEEDED, GLOBAL_COMMITTERS_LIMIT_EXCEEDED, GIT_COMMITTERS_LIMIT_EXCEEDED, GITLAB_USERS_LIMIT_MISMATCH, GITLAB_REQUEST_FAILED, GITLAB_INSTALLATION_MISSING, GITLAB_INSTALLATION_EXPIRED, REPOSITORY_COMMITTERS_LIMIT_EXCEEDED, REPOSITORIES_LIMIT_EXCEEDED, SUPPORTED_REPOSITORY_ID_MISMATCH, TRIAL_LICENSE_EXPIRED, EAP_BUILD_EXPIRED, LICENSE_EXPIRED]
[2018-05-28 18:06:35.968][daemon][23] Using Subversion configuration and credentials cache at: /home/quipment/.subversion
[2018-05-28 18:06:37.634][daemon][23] License violations: none
[2018-05-28 18:06:37.643][daemon][23] Async command completed, commands remains: 0.
[2018-05-28 18:06:37.643][daemon][23] Executing daemon shutdown request, the reason is UNKNOWN.
[2018-05-28 18:06:37.644][daemon][23] Trying to obtain file lock on '/home/quipment/Desktop/myrepo.git/subgit/daemon.lock'.
[2018-05-28 18:06:37.644][daemon][23] Succeeded attempt to obtain file lock on '/home/quipment/Desktop/myrepo.git/subgit/daemon.lock'
[2018-05-28 18:06:37.644][daemon][23] Daemon will not shut down, not all synchronization queues are idle.
[2018-05-28 18:06:37.644][daemon][23] Trying to release file lock on '/home/quipment/Desktop/myrepo.git/subgit/daemon.lock'.
[2018-05-28 18:06:37.645][daemon][23] Released file lock on '/home/quipment/Desktop/myrepo.git/subgit/daemon.lock'
[2018-05-28 18:06:37.645][daemon][23] Closed random access file '/home/quipment/Desktop/myrepo.git/subgit/daemon.lock'
[2018-05-28 18:06:37.952][daemon][22] Revisions: <fetched=20; last=20>
[2018-05-28 18:06:38.025][daemon][22] Restoring refs to reflect SVN state.
[2018-05-28 18:06:38.031][daemon][22] Refs were successfully updated
[2018-05-28 18:06:38.031][daemon][22] Location '/home/quipment/Desktop/myrepo.git' fetch completed, fetch took 2108 ms.
[2018-05-28 18:06:38.031][daemon][22] Repository fetch completed, fetch took 2110 ms.
[2018-05-28 18:06:38.032][daemon][22] Executing daemon shutdown request, the reason is IDLE.
[2018-05-28 18:06:38.032][daemon][22] Trying to obtain file lock on '/home/quipment/Desktop/myrepo.git/subgit/daemon.lock'.
[2018-05-28 18:06:38.032][daemon][22] Succeeded attempt to obtain file lock on '/home/quipment/Desktop/myrepo.git/subgit/daemon.lock'
[2018-05-28 18:06:38.032][daemon][22] Daemon will not shut down, it has been configured to remain idle.
[2018-05-28 18:06:38.033][daemon][22] Trying to release file lock on '/home/quipment/Desktop/myrepo.git/subgit/daemon.lock'.
[2018-05-28 18:06:38.033][daemon][22] Released file lock on '/home/quipment/Desktop/myrepo.git/subgit/daemon.lock'
[2018-05-28 18:06:38.033][daemon][22] Closed random access file '/home/quipment/Desktop/myrepo.git/subgit/daemon.lock'
[2018-05-28 18:07:38.036][daemon][22] No pending tasks in the sync queue; running periodical tasks
[2018-05-28 18:07:38.047][daemon][22] Repository fetch started.
[2018-05-28 18:07:38.055][daemon][22] Using Subversion configuration and credentials cache at: /home/quipment/.subversion
[2018-05-28 18:07:38.064][daemon][22] Checking remote 'http://192.168.150.93:8080/qim'.
[2018-05-28 18:07:39.955][daemon][22] Revisions: <fetched=20; last=20>
[2018-05-28 18:07:39.980][daemon][22] Restoring refs to reflect SVN state.
[2018-05-28 18:07:39.984][daemon][22] Refs were successfully updated
[2018-05-28 18:07:39.985][daemon][22] Location '/home/quipment/Desktop/myrepo.git' fetch completed, fetch took 1930 ms.
[2018-05-28 18:07:39.985][daemon][22] Repository fetch completed, fetch took 1937 ms.
[2018-05-28 18:07:39.985][daemon][22] Executing daemon shutdown request, the reason is IDLE.
[2018-05-28 18:07:39.985][daemon][22] Trying to obtain file lock on '/home/quipment/Desktop/myrepo.git/subgit/daemon.lock'.
[2018-05-28 18:07:39.986][daemon][22] Succeeded attempt to obtain file lock on '/home/quipment/Desktop/myrepo.git/subgit/daemon.lock'
[2018-05-28 18:07:39.986][daemon][22] Daemon will not shut down, it has been configured to remain idle.
[2018-05-28 18:07:39.986][daemon][22] Trying to release file lock on '/home/quipment/Desktop/myrepo.git/subgit/daemon.lock'.
[2018-05-28 18:07:39.986][daemon][22] Released file lock on '/home/quipment/Desktop/myrepo.git/subgit/daemon.lock'
[2018-05-28 18:07:39.986][daemon][22] Closed random access file '/home/quipment/Desktop/myrepo.git/subgit/daemon.lock'
[2018-05-28 18:08:39.988][daemon][22] No pending tasks in the sync queue; running periodical tasks
[2018-05-28 18:08:39.994][daemon][22] Repository fetch started.
[2018-05-28 18:08:39.997][daemon][22] Using Subversion configuration and credentials cache at: /home/quipment/.subversion
[2018-05-28 18:08:40.011][daemon][22] Checking remote 'http://192.168.150.93:8080/qim'.
[2018-05-28 18:08:42.367][daemon][22] Revisions: <fetched=20; last=20>
[2018-05-28 18:08:42.383][daemon][22] Restoring refs to reflect SVN state.
[2018-05-28 18:08:42.389][daemon][22] Refs were successfully updated
[2018-05-28 18:08:42.389][daemon][22] Location '/home/quipment/Desktop/myrepo.git' fetch completed, fetch took 2393 ms.
[2018-05-28 18:08:42.389][daemon][22] Repository fetch completed, fetch took 2395 ms.
[2018-05-28 18:08:42.390][daemon][22] Executing daemon shutdown request, the reason is IDLE.
[2018-05-28 18:08:42.390][daemon][22] Trying to obtain file lock on '/home/quipment/Desktop/myrepo.git/subgit/daemon.lock'.
[2018-05-28 18:08:42.390][daemon][22] Succeeded attempt to obtain file lock on '/home/quipment/Desktop/myrepo.git/subgit/daemon.lock'
[2018-05-28 18:08:42.390][daemon][22] Daemon will not shut down, it has been configured to remain idle.
[2018-05-28 18:08:42.390][daemon][22] Trying to release file lock on '/home/quipment/Desktop/myrepo.git/subgit/daemon.lock'.
[2018-05-28 18:08:42.390][daemon][22] Released file lock on '/home/quipment/Desktop/myrepo.git/subgit/daemon.lock'
[2018-05-28 18:08:42.390][daemon][22] Closed random access file '/home/quipment/Desktop/myrepo.git/subgit/daemon.lock'
[2018-05-28 18:09:14.478][daemon][16] Command started, commands running: 1.
[2018-05-28 18:09:14.478][daemon][16] Sent '(version (3.3.1 3818 ))'.
[2018-05-28 18:09:14.480][daemon][16] Read '(shutdown )'.
[2018-05-28 18:09:14.481][daemon][30] Executing daemon shutdown request, the reason is SHUTDOWN_COMMAND.
[2018-05-28 18:09:14.481][daemon][30] Trying to obtain file lock on '/home/quipment/Desktop/myrepo.git/subgit/daemon.lock'.
[2018-05-28 18:09:14.481][daemon][30] Closed random access file '/home/quipment/Desktop/myrepo.git/subgit/daemon.lock'
[2018-05-28 18:09:14.481][daemon][30] Failed attempt to obtain file lock on '/home/quipment/Desktop/myrepo.git/subgit/daemon.lock'
[2018-05-28 18:09:14.481][daemon][30] Force shutdown with single connection.
[2018-05-28 18:09:14.482][daemon][30] Thread pool shutdown scheduled.
[2018-05-28 18:09:14.482][daemon][30] Daemon info pid=6387; port=54126; address=127:0:0:1; user=quipment from file '/home/quipment/Desktop/myrepo.git/subgit/daemon.pid'
[2018-05-28 18:09:14.483][daemon][30] Pid file '/home/quipment/Desktop/myrepo.git/subgit/daemon.pid' deleted.
[2018-05-28 18:09:14.483][daemon][30] Pid file deleted, daemon will be shut down NOW.
[2018-05-28 18:09:14.483][daemon][30] Server socket closed.
[2018-05-28 18:09:14.483][daemon][16] Socket closed
java.net.SocketException: Socket closed
	at java.net.PlainSocketImpl.socketAccept(Native Method)
	at java.net.AbstractPlainSocketImpl.accept(AbstractPlainSocketImpl.java:409)
	at java.net.ServerSocket.implAccept(ServerSocket.java:545)
	at java.net.ServerSocket.accept(ServerSocket.java:513)
	at org.tmatesoft.translator.c.d.k(SourceFile:198)
	at org.tmatesoft.translator.c.d.run(SourceFile:167)
	at java.lang.Thread.run(Thread.java:748)
